<?xml version="1.0" encoding="UTF-8"?>
<testsuite xmlns:xsi="http://www.w3.org/2001/XMLSchema-instance" xsi:noNamespaceSchemaLocation="https://maven.apache.org/surefire/maven-surefire-plugin/xsd/surefire-test-report.xsd" version="3.0.2" name="tests.DentistDAOTest" time="0.391" tests="7" errors="0" skipped="0" failures="0">
  <properties>
[...]
</properties>
  <testcase name="testHasAppointments" classname="tests.DentistDAOTest" time="0.024"/>
  <testcase name="testHasNoAppointments" classname="tests.DentistDAOTest" time="0.002"/>
  <testcase name="testFindAll" classname="tests.DentistDAOTest" time="0.005"/>
  <testcase name="testFindByContact" classname="tests.DentistDAOTest" time="0.003"/>
  <testcase name="testFindById" classname="tests.DentistDAOTest" time="0.002"/>
  <testcase name="testFindByEmail" classname="tests.DentistDAOTest" time="0.002"/>
  <testcase name="testFindByNic" classname="tests.DentistDAOTest" time="0.002"/>
</testsuite>